<?xml version="1.0" encoding="UTF-8"?>
<testng-results ignored="0" total="1" passed="1" failed="0" skipped="0">
  <reporter-output>
  </reporter-output>
  <suite started-at="2024-05-21T07:42:38 SAST" name="Default suite" finished-at="2024-05-21T07:42:40 SAST" duration-ms="1666">
    <groups>
    </groups>
    <test started-at="2024-05-21T07:42:38 SAST" name="Default test" finished-at="2024-05-21T07:42:40 SAST" duration-ms="1666">
      <class name="RestAPIInspired">
        <test-method signature="jsonIterateArr()[pri:0, instance:RestAPIInspired@1a18644]" started-at="2024-05-21T07:42:38 SAST" name="jsonIterateArr" finished-at="2024-05-21T07:42:40 SAST" duration-ms="1639" status="PASS">
          <reporter-output>
          </reporter-output>
        </test-method> <!-- jsonIterateArr -->
      </class> <!-- RestAPIInspired -->
    </test> <!-- Default test -->
  </suite> <!-- Default suite -->
</testng-results>
